[debug] [2022-01-30T07:23:41.367Z] ----------------------------------------------------------------------
[debug] [2022-01-30T07:23:41.368Z] Command:       /opt/homebrew/Cellar/node/17.3.0/bin/node /usr/local/bin/firebase init
[debug] [2022-01-30T07:23:41.368Z] CLI Version:   10.0.1
[debug] [2022-01-30T07:23:41.368Z] Platform:      darwin
[debug] [2022-01-30T07:23:41.368Z] Node Version:  v17.3.0
[debug] [2022-01-30T07:23:41.369Z] Time:          Sun Jan 30 2022 12:53:41 GMT+0530 (India Standard Time)
[debug] [2022-01-30T07:23:41.369Z] ----------------------------------------------------------------------
[debug] 
[debug] [2022-01-30T07:23:41.371Z] > command requires scopes: ["email","openid","https://www.googleapis.com/auth/cloudplatformprojects.readonly","https://www.googleapis.com/auth/firebase","https://www.googleapis.com/auth/cloud-platform"]
[debug] [2022-01-30T07:23:41.372Z] > authorizing via signed-in user (vistritpandey@gmail.com)
[info] 
     ######## #### ########  ######## ########     ###     ######  ########
     ##        ##  ##     ## ##       ##     ##  ##   ##  ##       ##
     ######    ##  ########  ######   ########  #########  ######  ######
     ##        ##  ##    ##  ##       ##     ## ##     ##       ## ##
     ##       #### ##     ## ######## ########  ##     ##  ######  ########

You're about to initialize a Firebase project in this directory:

  /Users/vistrit/Downloads/SpaceChat

[info] 
=== Project Setup
[info] 
[info] First, let's associate this project directory with a Firebase project.
[info] You can create multiple project aliases by running firebase use --add, 
[info] but for now we'll just set up a default project.
[info] 
[debug] [2022-01-30T07:23:53.792Z] > refreshing access token with scopes: []
[debug] [2022-01-30T07:23:53.792Z] >>> HTTP REQUEST POST https://www.googleapis.com/oauth2/v3/token  
 <request body omitted>
[debug] [2022-01-30T07:23:54.094Z] <<< HTTP RESPONSE 200 {"expires":"Mon, 01 Jan 1990 00:00:00 GMT","cache-control":"no-cache, no-store, max-age=0, must-revalidate","date":"Sun, 30 Jan 2022 07:23:54 GMT","pragma":"no-cache","content-type":"application/json; charset=utf-8","vary":"X-Origin, Referer, Origin,Accept-Encoding","server":"scaffolding on HTTPServer2","x-xss-protection":"0","x-frame-options":"SAMEORIGIN","x-content-type-options":"nosniff","alt-svc":"h3=\":443\"; ma=2592000,h3-29=\":443\"; ma=2592000,h3-Q050=\":443\"; ma=2592000,h3-Q046=\":443\"; ma=2592000,h3-Q043=\":443\"; ma=2592000,quic=\":443\"; ma=2592000; v=\"46,43\"","accept-ranges":"none","transfer-encoding":"chunked"}
[debug] [2022-01-30T07:23:54.140Z] >>> [apiv2][query] GET https://firebase.googleapis.com/v1beta1/projects pageSize=100
[debug] [2022-01-30T07:23:55.066Z] <<< [apiv2][status] GET https://firebase.googleapis.com/v1beta1/projects 200
[debug] [2022-01-30T07:23:55.066Z] <<< [apiv2][body] GET https://firebase.googleapis.com/v1beta1/projects [omitted]
[info] i  Don't want to scroll through all your projects? If you know your project ID, you can initialize it directly using firebase init --project <project_id>.
 
